{"/Users/nobleprince/dev/courses/string-scripts-js/script.js": {"path":"/Users/nobleprince/dev/courses/string-scripts-js/script.js","statementMap":{"0":{"start":{"line":3,"column":4},"end":{"line":3,"column":68}},"1":{"start":{"line":5,"column":0},"end":{"line":5,"column":32}},"2":{"start":{"line":7,"column":0},"end":{"line":7,"column":53}},"3":{"start":{"line":7,"column":36},"end":{"line":7,"column":52}},"4":{"start":{"line":11,"column":4},"end":{"line":11,"column":29}},"5":{"start":{"line":14,"column":0},"end":{"line":14,"column":49}},"6":{"start":{"line":16,"column":0},"end":{"line":16,"column":47}},"7":{"start":{"line":16,"column":33},"end":{"line":16,"column":46}},"8":{"start":{"line":20,"column":21},"end":{"line":20,"column":49}},"9":{"start":{"line":21,"column":4},"end":{"line":24,"column":5}},"10":{"start":{"line":21,"column":17},"end":{"line":21,"column":18}},"11":{"start":{"line":23,"column":8},"end":{"line":23,"column":85}},"12":{"start":{"line":26,"column":4},"end":{"line":26,"column":30}},"13":{"start":{"line":28,"column":0},"end":{"line":28,"column":56}},"14":{"start":{"line":30,"column":0},"end":{"line":30,"column":63}},"15":{"start":{"line":30,"column":41},"end":{"line":30,"column":62}},"16":{"start":{"line":33,"column":4},"end":{"line":33,"column":32}},"17":{"start":{"line":34,"column":4},"end":{"line":34,"column":24}},"18":{"start":{"line":36,"column":0},"end":{"line":36,"column":45}},"19":{"start":{"line":38,"column":0},"end":{"line":38,"column":67}},"20":{"start":{"line":38,"column":43},"end":{"line":38,"column":66}},"21":{"start":{"line":41,"column":4},"end":{"line":44,"column":19}},"22":{"start":{"line":43,"column":20},"end":{"line":43,"column":35}},"23":{"start":{"line":46,"column":0},"end":{"line":46,"column":57}},"24":{"start":{"line":48,"column":0},"end":{"line":48,"column":51}},"25":{"start":{"line":48,"column":35},"end":{"line":48,"column":50}},"26":{"start":{"line":52,"column":4},"end":{"line":55,"column":19}},"27":{"start":{"line":54,"column":20},"end":{"line":54,"column":35}},"28":{"start":{"line":57,"column":0},"end":{"line":57,"column":57}},"29":{"start":{"line":59,"column":0},"end":{"line":59,"column":51}},"30":{"start":{"line":59,"column":35},"end":{"line":59,"column":50}},"31":{"start":{"line":62,"column":4},"end":{"line":62,"column":140}},"32":{"start":{"line":62,"column":64},"end":{"line":62,"column":117}},"33":{"start":{"line":64,"column":0},"end":{"line":64,"column":46}},"34":{"start":{"line":66,"column":0},"end":{"line":66,"column":51}},"35":{"start":{"line":66,"column":35},"end":{"line":66,"column":50}},"36":{"start":{"line":69,"column":23},"end":{"line":69,"column":26}},"37":{"start":{"line":70,"column":18},"end":{"line":70,"column":31}},"38":{"start":{"line":71,"column":18},"end":{"line":71,"column":52}},"39":{"start":{"line":72,"column":4},"end":{"line":74,"column":5}},"40":{"start":{"line":73,"column":8},"end":{"line":73,"column":19}},"41":{"start":{"line":75,"column":26},"end":{"line":75,"column":67}},"42":{"start":{"line":75,"column":35},"end":{"line":75,"column":67}},"43":{"start":{"line":76,"column":19},"end":{"line":76,"column":37}},"44":{"start":{"line":77,"column":15},"end":{"line":77,"column":37}},"45":{"start":{"line":78,"column":15},"end":{"line":78,"column":34}},"46":{"start":{"line":79,"column":4},"end":{"line":79,"column":49}},"47":{"start":{"line":81,"column":0},"end":{"line":81,"column":40}},"48":{"start":{"line":83,"column":0},"end":{"line":83,"column":55}},"49":{"start":{"line":83,"column":37},"end":{"line":83,"column":54}},"50":{"start":{"line":85,"column":0},"end":{"line":85,"column":39}},"51":{"start":{"line":86,"column":0},"end":{"line":86,"column":33}},"52":{"start":{"line":87,"column":0},"end":{"line":87,"column":49}},"53":{"start":{"line":88,"column":0},"end":{"line":88,"column":53}},"54":{"start":{"line":89,"column":0},"end":{"line":89,"column":37}},"55":{"start":{"line":90,"column":0},"end":{"line":90,"column":37}},"56":{"start":{"line":91,"column":0},"end":{"line":91,"column":37}},"57":{"start":{"line":92,"column":0},"end":{"line":92,"column":41}}},"fnMap":{"0":{"name":"capitalize","decl":{"start":{"line":2,"column":9},"end":{"line":2,"column":19}},"loc":{"start":{"line":2,"column":25},"end":{"line":4,"column":1}},"line":2},"1":{"name":"(anonymous_1)","decl":{"start":{"line":7,"column":30},"end":{"line":7,"column":31}},"loc":{"start":{"line":7,"column":36},"end":{"line":7,"column":52}},"line":7},"2":{"name":"allCaps","decl":{"start":{"line":10,"column":9},"end":{"line":10,"column":16}},"loc":{"start":{"line":10,"column":22},"end":{"line":12,"column":1}},"line":10},"3":{"name":"(anonymous_3)","decl":{"start":{"line":16,"column":27},"end":{"line":16,"column":28}},"loc":{"start":{"line":16,"column":33},"end":{"line":16,"column":46}},"line":16},"4":{"name":"capitalizeWords","decl":{"start":{"line":19,"column":9},"end":{"line":19,"column":24}},"loc":{"start":{"line":19,"column":30},"end":{"line":27,"column":1}},"line":19},"5":{"name":"(anonymous_5)","decl":{"start":{"line":30,"column":35},"end":{"line":30,"column":36}},"loc":{"start":{"line":30,"column":41},"end":{"line":30,"column":62}},"line":30},"6":{"name":"removeExtraSpaces","decl":{"start":{"line":32,"column":9},"end":{"line":32,"column":26}},"loc":{"start":{"line":32,"column":32},"end":{"line":35,"column":1}},"line":32},"7":{"name":"(anonymous_7)","decl":{"start":{"line":38,"column":37},"end":{"line":38,"column":38}},"loc":{"start":{"line":38,"column":43},"end":{"line":38,"column":66}},"line":38},"8":{"name":"kabobCase","decl":{"start":{"line":40,"column":9},"end":{"line":40,"column":18}},"loc":{"start":{"line":40,"column":24},"end":{"line":45,"column":1}},"line":40},"9":{"name":"(anonymous_9)","decl":{"start":{"line":43,"column":13},"end":{"line":43,"column":14}},"loc":{"start":{"line":43,"column":20},"end":{"line":43,"column":35}},"line":43},"10":{"name":"(anonymous_10)","decl":{"start":{"line":48,"column":29},"end":{"line":48,"column":30}},"loc":{"start":{"line":48,"column":35},"end":{"line":48,"column":50}},"line":48},"11":{"name":"snakeCase","decl":{"start":{"line":51,"column":9},"end":{"line":51,"column":18}},"loc":{"start":{"line":51,"column":24},"end":{"line":56,"column":1}},"line":51},"12":{"name":"(anonymous_12)","decl":{"start":{"line":54,"column":13},"end":{"line":54,"column":14}},"loc":{"start":{"line":54,"column":20},"end":{"line":54,"column":35}},"line":54},"13":{"name":"(anonymous_13)","decl":{"start":{"line":59,"column":29},"end":{"line":59,"column":30}},"loc":{"start":{"line":59,"column":35},"end":{"line":59,"column":50}},"line":59},"14":{"name":"camelCase","decl":{"start":{"line":61,"column":9},"end":{"line":61,"column":18}},"loc":{"start":{"line":61,"column":24},"end":{"line":63,"column":1}},"line":61},"15":{"name":"(anonymous_15)","decl":{"start":{"line":62,"column":46},"end":{"line":62,"column":47}},"loc":{"start":{"line":62,"column":64},"end":{"line":62,"column":117}},"line":62},"16":{"name":"(anonymous_16)","decl":{"start":{"line":66,"column":29},"end":{"line":66,"column":30}},"loc":{"start":{"line":66,"column":35},"end":{"line":66,"column":50}},"line":66},"17":{"name":"shiftString","decl":{"start":{"line":68,"column":9},"end":{"line":68,"column":20}},"loc":{"start":{"line":68,"column":41},"end":{"line":80,"column":1}},"line":68},"18":{"name":"(anonymous_18)","decl":{"start":{"line":75,"column":26},"end":{"line":75,"column":27}},"loc":{"start":{"line":75,"column":35},"end":{"line":75,"column":67}},"line":75},"19":{"name":"(anonymous_19)","decl":{"start":{"line":83,"column":31},"end":{"line":83,"column":32}},"loc":{"start":{"line":83,"column":37},"end":{"line":83,"column":54}},"line":83}},"branchMap":{"0":{"loc":{"start":{"line":62,"column":64},"end":{"line":62,"column":117}},"type":"cond-expr","locations":[{"start":{"line":62,"column":78},"end":{"line":62,"column":96}},{"start":{"line":62,"column":99},"end":{"line":62,"column":117}}],"line":62},"1":{"loc":{"start":{"line":68,"column":21},"end":{"line":68,"column":29}},"type":"default-arg","locations":[{"start":{"line":68,"column":27},"end":{"line":68,"column":29}}],"line":68},"2":{"loc":{"start":{"line":68,"column":31},"end":{"line":68,"column":39}},"type":"default-arg","locations":[{"start":{"line":68,"column":38},"end":{"line":68,"column":39}}],"line":68},"3":{"loc":{"start":{"line":71,"column":18},"end":{"line":71,"column":52}},"type":"cond-expr","locations":[{"start":{"line":71,"column":30},"end":{"line":71,"column":44}},{"start":{"line":71,"column":47},"end":{"line":71,"column":52}}],"line":71},"4":{"loc":{"start":{"line":72,"column":4},"end":{"line":74,"column":5}},"type":"if","locations":[{"start":{"line":72,"column":4},"end":{"line":74,"column":5}},{"start":{"line":72,"column":4},"end":{"line":74,"column":5}}],"line":72},"5":{"loc":{"start":{"line":72,"column":8},"end":{"line":72,"column":38}},"type":"binary-expr","locations":[{"start":{"line":72,"column":8},"end":{"line":72,"column":12}},{"start":{"line":72,"column":16},"end":{"line":72,"column":28}},{"start":{"line":72,"column":32},"end":{"line":72,"column":38}}],"line":72}},"s":{"0":3,"1":1,"2":1,"3":0,"4":3,"5":1,"6":1,"7":0,"8":3,"9":3,"10":3,"11":8,"12":3,"13":1,"14":1,"15":0,"16":3,"17":3,"18":1,"19":1,"20":0,"21":3,"22":8,"23":1,"24":1,"25":0,"26":3,"27":8,"28":1,"29":1,"30":0,"31":2,"32":5,"33":1,"34":1,"35":0,"36":2,"37":2,"38":2,"39":2,"40":0,"41":2,"42":6,"43":2,"44":2,"45":2,"46":2,"47":1,"48":1,"49":0,"50":1,"51":1,"52":1,"53":1,"54":1,"55":1,"56":1,"57":1},"f":{"0":3,"1":0,"2":3,"3":0,"4":3,"5":0,"6":3,"7":0,"8":3,"9":8,"10":0,"11":3,"12":8,"13":0,"14":2,"15":5,"16":0,"17":2,"18":6,"19":0},"b":{"0":[2,3],"1":[0],"2":[0],"3":[0,2],"4":[0,2],"5":[2,2,2]},"_coverageSchema":"1a1c01bbd47fc00a2c39e90264f33305004495a9","hash":"90b896bd9f5f555902602331facad89a7620ea85"}
}
