TN:
SF:script.js
FN:2,capitalize
FN:7,(anonymous_1)
FN:10,allCaps
FN:16,(anonymous_3)
FN:19,capitalizeWords
FN:30,(anonymous_5)
FN:32,removeExtraSpaces
FN:38,(anonymous_7)
FN:40,kabobCase
FN:43,(anonymous_9)
FN:48,(anonymous_10)
FN:51,snakeCase
FN:54,(anonymous_12)
FN:59,(anonymous_13)
FN:61,camelCase
FN:62,(anonymous_15)
FN:66,(anonymous_16)
FN:68,shiftString
FN:75,(anonymous_18)
FN:83,(anonymous_19)
FNF:20
FNH:12
FNDA:3,capitalize
FNDA:0,(anonymous_1)
FNDA:3,allCaps
FNDA:0,(anonymous_3)
FNDA:3,capitalizeWords
FNDA:0,(anonymous_5)
FNDA:3,removeExtraSpaces
FNDA:0,(anonymous_7)
FNDA:3,kabobCase
FNDA:8,(anonymous_9)
FNDA:0,(anonymous_10)
FNDA:3,snakeCase
FNDA:8,(anonymous_12)
FNDA:0,(anonymous_13)
FNDA:2,camelCase
FNDA:5,(anonymous_15)
FNDA:0,(anonymous_16)
FNDA:2,shiftString
FNDA:6,(anonymous_18)
FNDA:0,(anonymous_19)
DA:3,3
DA:5,1
DA:7,1
DA:11,3
DA:14,1
DA:16,1
DA:20,3
DA:21,3
DA:23,8
DA:26,3
DA:28,1
DA:30,1
DA:33,3
DA:34,3
DA:36,1
DA:38,1
DA:41,3
DA:43,8
DA:46,1
DA:48,1
DA:52,3
DA:54,8
DA:57,1
DA:59,1
DA:62,5
DA:64,1
DA:66,1
DA:69,2
DA:70,2
DA:71,2
DA:72,2
DA:73,0
DA:75,6
DA:76,2
DA:77,2
DA:78,2
DA:79,2
DA:81,1
DA:83,1
DA:85,1
DA:86,1
DA:87,1
DA:88,1
DA:89,1
DA:90,1
DA:91,1
DA:92,1
LF:47
LH:46
BRDA:62,0,0,2
BRDA:62,0,1,3
BRDA:68,1,0,0
BRDA:68,2,0,0
BRDA:71,3,0,0
BRDA:71,3,1,2
BRDA:72,4,0,0
BRDA:72,4,1,2
BRDA:72,5,0,2
BRDA:72,5,1,2
BRDA:72,5,2,2
BRF:11
BRH:7
end_of_record
